  Image_Calibration.cpp
d:\github\image_calibration\image_calibration\Image_CalibrationDlg.h(104): warning C4091: 'typedef ': ignored on left of 'CImageCalibrationDlg::camera_calib' when no variable is declared
  Image_CalibrationDlg.cpp
d:\github\image_calibration\image_calibration\Image_CalibrationDlg.h(104): warning C4091: 'typedef ': ignored on left of 'CImageCalibrationDlg::camera_calib' when no variable is declared
Image_CalibrationDlg.cpp(709): warning C4267: 'argument': conversion from 'size_t' to 'int', possible loss of data
Image_CalibrationDlg.cpp(764): warning C4267: '=': conversion from 'size_t' to 'int', possible loss of data
Image_CalibrationDlg.cpp(879): warning C4267: '=': conversion from 'size_t' to 'int', possible loss of data
Image_CalibrationDlg.cpp(1058): warning C4267: '=': conversion from 'size_t' to 'int', possible loss of data
Image_CalibrationDlg.cpp(1074): warning C4244: '=': conversion from 'double' to 'float', possible loss of data
Image_CalibrationDlg.cpp(1075): warning C4244: '=': conversion from 'double' to 'float', possible loss of data
Image_CalibrationDlg.cpp(1463): warning C4267: 'argument': conversion from 'size_t' to 'int', possible loss of data
Image_CalibrationDlg.cpp(1509): warning C4244: 'initializing': conversion from 'float' to 'int', possible loss of data
Image_CalibrationDlg.cpp(1510): warning C4244: 'initializing': conversion from 'float' to 'int', possible loss of data
Image_CalibrationDlg.cpp(1515): warning C4244: '=': conversion from 'int' to 'float', possible loss of data
Image_CalibrationDlg.cpp(1518): warning C4244: '=': conversion from 'int' to 'float', possible loss of data
Image_CalibrationDlg.cpp(1519): warning C4244: '=': conversion from 'int' to 'float', possible loss of data
Image_CalibrationDlg.cpp(1522): warning C4244: '=': conversion from 'int' to 'float', possible loss of data
Image_CalibrationDlg.cpp(1367): warning C4101: 'fprt_': unreferenced local variable
Image_CalibrationDlg.cpp(1366): warning C4101: 'fpin': unreferenced local variable
  Generating code
  106 of 5097 functions ( 2.1%) were compiled, the rest were copied from previous compilation.
    63 functions were new in current compilation
    71 functions had inline decision re-evaluated but remain unchanged
  Finished generating code
  Image_Calibration.vcxproj -> D:\github\Image_Calibration\x64\Release\Image_Calibration.exe
  Image_Calibration.vcxproj -> D:\github\Image_Calibration\x64\Release\Image_Calibration.pdb (Full PDB)
