d:\github\image_calibration\image_calibration\x64\debug\image_calibration.pch
d:\github\image_calibration\image_calibration\x64\debug\vc140.pdb
d:\github\image_calibration\image_calibration\x64\debug\vc140.idb
d:\github\image_calibration\image_calibration\x64\debug\stdafx.obj
d:\github\image_calibration\image_calibration\x64\debug\vc141.pdb
d:\github\image_calibration\image_calibration\x64\debug\vc141.idb
d:\github\image_calibration\image_calibration\x64\debug\cvvimage.obj
d:\github\image_calibration\image_calibration\x64\debug\image_calibration.obj
d:\github\image_calibration\image_calibration\x64\debug\image_calibrationdlg.obj
d:\github\image_calibration\x64\debug\image_calibration.ilk
d:\github\image_calibration\x64\debug\image_calibration.exe
d:\github\image_calibration\x64\debug\image_calibration.pdb
d:\github\image_calibration\image_calibration\x64\debug\imagecalibration.res
d:\github\image_calibration\image_calibration\x64\debug\image_ca.9c4ef8bf.tlog\cl.command.1.tlog
d:\github\image_calibration\image_calibration\x64\debug\image_ca.9c4ef8bf.tlog\cl.read.1.tlog
d:\github\image_calibration\image_calibration\x64\debug\image_ca.9c4ef8bf.tlog\cl.write.1.tlog
d:\github\image_calibration\image_calibration\x64\debug\image_ca.9c4ef8bf.tlog\link.command.1.tlog
d:\github\image_calibration\image_calibration\x64\debug\image_ca.9c4ef8bf.tlog\link.read.1.tlog
d:\github\image_calibration\image_calibration\x64\debug\image_ca.9c4ef8bf.tlog\link.write.1.tlog
d:\github\image_calibration\image_calibration\x64\debug\image_ca.9c4ef8bf.tlog\rc.command.1.tlog
d:\github\image_calibration\image_calibration\x64\debug\image_ca.9c4ef8bf.tlog\rc.read.1.tlog
d:\github\image_calibration\image_calibration\x64\debug\image_ca.9c4ef8bf.tlog\rc.write.1.tlog
